<?xml version="1.0" encoding="UTF-8"?>
<!-- Generated by org.testng.reporters.JUnitReportReporter -->
<testsuite hostname="DESKTOP-CAP2JTQ" failures="0" tests="1" name="Concepts.ParameterPractice" time="5.919" errors="0" timestamp="2024-07-31T23:15:57 IST" skipped="0">
  <testcase classname="Concepts.ParameterPractice" name="Parameters" time="5.919"/>
  <system-out/>
</testsuite> <!-- Concepts.ParameterPractice -->
