<?xml version="1.0" encoding="UTF-8"?>
<!-- Generated by org.testng.reporters.JUnitReportReporter -->
<testsuite hostname="DESKTOP-CAP2JTQ" failures="0" tests="1" name="Concepts.TestNg" time="0.006" errors="0" timestamp="2024-04-24T14:41:40 IST" skipped="0">
  <testcase classname="Concepts.TestNg" name="Display" time="0.006"/>
  <system-out/>
</testsuite> <!-- Concepts.TestNg -->
